{"/home/ubuntu/workspace/spec/index.spec.js":{"path":"/home/ubuntu/workspace/spec/index.spec.js","s":{"1":1,"2":1,"3":1,"4":1,"5":1,"6":1,"7":1,"8":1,"9":1,"10":1,"11":1,"12":1,"13":1,"14":12,"15":1,"16":1,"17":14,"18":1,"19":1,"20":14,"21":1,"22":1,"23":14,"24":1,"25":1,"26":14,"27":1,"28":1,"29":14,"30":1,"31":1,"32":14,"33":1,"34":1,"35":14,"36":1,"37":1,"38":1,"39":1,"40":1,"41":1,"42":1,"43":1,"44":1,"45":1,"46":1,"47":1,"48":1,"49":1,"50":14,"51":1,"52":1,"53":14,"54":1,"55":1,"56":14,"57":1,"58":1,"59":14,"60":1,"61":1,"62":14,"63":1,"64":1,"65":1,"66":1,"67":1,"68":1,"69":1,"70":1,"71":1,"72":1,"73":14,"74":1,"75":1,"76":1,"77":1,"78":1,"79":1,"80":1,"81":1,"82":1,"83":1,"84":14},"b":{"1":[1,1],"2":[14,13,1],"3":[14,1,13],"4":[14,1,13],"5":[14,1,13],"6":[14,13],"7":[14,13]},"f":{"1":1,"2":0,"3":0,"4":0,"5":0,"6":0,"7":0,"8":0,"9":0,"10":0,"11":0,"12":0,"13":2,"14":0,"15":2,"16":0,"17":0,"18":0},"fnMap":{"1":{"name":"(anonymous_1)","line":3,"loc":{"start":{"line":3,"column":23},"end":{"line":3,"column":35}}},"2":{"name":"(anonymous_2)","line":9,"loc":{"start":{"line":9,"column":20},"end":{"line":9,"column":31}}},"3":{"name":"(anonymous_3)","line":10,"loc":{"start":{"line":10,"column":21},"end":{"line":10,"column":33}}},"4":{"name":"(anonymous_4)","line":11,"loc":{"start":{"line":11,"column":20},"end":{"line":11,"column":32}}},"5":{"name":"(anonymous_5)","line":25,"loc":{"start":{"line":25,"column":22},"end":{"line":25,"column":34}}},"6":{"name":"(anonymous_6)","line":26,"loc":{"start":{"line":26,"column":21},"end":{"line":26,"column":33}}},"7":{"name":"(anonymous_7)","line":41,"loc":{"start":{"line":41,"column":20},"end":{"line":41,"column":31}}},"8":{"name":"(anonymous_8)","line":42,"loc":{"start":{"line":42,"column":21},"end":{"line":42,"column":33}}},"9":{"name":"(anonymous_9)","line":43,"loc":{"start":{"line":43,"column":20},"end":{"line":43,"column":32}}},"10":{"name":"(anonymous_10)","line":59,"loc":{"start":{"line":59,"column":22},"end":{"line":59,"column":34}}},"11":{"name":"(anonymous_11)","line":60,"loc":{"start":{"line":60,"column":21},"end":{"line":60,"column":33}}},"12":{"name":"tSuper","line":71,"loc":{"start":{"line":71,"column":4},"end":{"line":71,"column":23}}},"13":{"name":"tFunc","line":72,"loc":{"start":{"line":72,"column":4},"end":{"line":72,"column":22}}},"14":{"name":"(anonymous_14)","line":80,"loc":{"start":{"line":80,"column":14},"end":{"line":80,"column":17}}},"15":{"name":"ttFunc","line":83,"loc":{"start":{"line":83,"column":4},"end":{"line":83,"column":23}}},"16":{"name":"(anonymous_16)","line":90,"loc":{"start":{"line":90,"column":14},"end":{"line":90,"column":17}}},"17":{"name":"(anonymous_17)","line":99,"loc":{"start":{"line":99,"column":104},"end":{"line":99,"column":116}}},"18":{"name":"(anonymous_18)","line":100,"loc":{"start":{"line":100,"column":102},"end":{"line":100,"column":114}}}},"statementMap":{"1":{"start":{"line":1,"column":0},"end":{"line":1,"column":45}},"2":{"start":{"line":3,"column":0},"end":{"line":122,"column":3}},"3":{"start":{"line":4,"column":4},"end":{"line":17,"column":6}},"4":{"start":{"line":19,"column":4},"end":{"line":32,"column":6}},"5":{"start":{"line":34,"column":4},"end":{"line":49,"column":6}},"6":{"start":{"line":51,"column":4},"end":{"line":66,"column":6}},"7":{"start":{"line":71,"column":4},"end":{"line":71,"column":25}},"8":{"start":{"line":72,"column":4},"end":{"line":72,"column":24}},"9":{"start":{"line":74,"column":4},"end":{"line":81,"column":6}},"10":{"start":{"line":83,"column":4},"end":{"line":83,"column":25}},"11":{"start":{"line":84,"column":4},"end":{"line":91,"column":6}},"12":{"start":{"line":93,"column":4},"end":{"line":93,"column":82}},"13":{"start":{"line":93,"column":19},"end":{"line":93,"column":80}},"14":{"start":{"line":93,"column":50},"end":{"line":93,"column":79}},"15":{"start":{"line":94,"column":4},"end":{"line":94,"column":104}},"16":{"start":{"line":94,"column":25},"end":{"line":94,"column":102}},"17":{"start":{"line":94,"column":56},"end":{"line":94,"column":101}},"18":{"start":{"line":95,"column":4},"end":{"line":95,"column":101}},"19":{"start":{"line":95,"column":25},"end":{"line":95,"column":99}},"20":{"start":{"line":95,"column":56},"end":{"line":95,"column":98}},"21":{"start":{"line":96,"column":4},"end":{"line":96,"column":110}},"22":{"start":{"line":96,"column":27},"end":{"line":96,"column":108}},"23":{"start":{"line":96,"column":58},"end":{"line":96,"column":107}},"24":{"start":{"line":97,"column":4},"end":{"line":97,"column":127}},"25":{"start":{"line":97,"column":27},"end":{"line":97,"column":125}},"26":{"start":{"line":97,"column":58},"end":{"line":97,"column":124}},"27":{"start":{"line":98,"column":4},"end":{"line":98,"column":113}},"28":{"start":{"line":98,"column":28},"end":{"line":98,"column":111}},"29":{"start":{"line":98,"column":59},"end":{"line":98,"column":110}},"30":{"start":{"line":99,"column":4},"end":{"line":99,"column":135}},"31":{"start":{"line":99,"column":29},"end":{"line":99,"column":133}},"32":{"start":{"line":99,"column":60},"end":{"line":99,"column":132}},"33":{"start":{"line":100,"column":4},"end":{"line":100,"column":135}},"34":{"start":{"line":100,"column":28},"end":{"line":100,"column":133}},"35":{"start":{"line":100,"column":59},"end":{"line":100,"column":132}},"36":{"start":{"line":101,"column":4},"end":{"line":101,"column":80}},"37":{"start":{"line":101,"column":31},"end":{"line":101,"column":78}},"38":{"start":{"line":102,"column":4},"end":{"line":102,"column":78}},"39":{"start":{"line":102,"column":31},"end":{"line":102,"column":76}},"40":{"start":{"line":103,"column":4},"end":{"line":103,"column":82}},"41":{"start":{"line":103,"column":31},"end":{"line":103,"column":80}},"42":{"start":{"line":104,"column":4},"end":{"line":104,"column":83}},"43":{"start":{"line":104,"column":32},"end":{"line":104,"column":81}},"44":{"start":{"line":105,"column":4},"end":{"line":105,"column":79}},"45":{"start":{"line":105,"column":32},"end":{"line":105,"column":77}},"46":{"start":{"line":106,"column":4},"end":{"line":106,"column":81}},"47":{"start":{"line":106,"column":32},"end":{"line":106,"column":79}},"48":{"start":{"line":107,"column":4},"end":{"line":107,"column":112}},"49":{"start":{"line":107,"column":23},"end":{"line":107,"column":110}},"50":{"start":{"line":107,"column":54},"end":{"line":107,"column":109}},"51":{"start":{"line":108,"column":4},"end":{"line":108,"column":116}},"52":{"start":{"line":108,"column":24},"end":{"line":108,"column":114}},"53":{"start":{"line":108,"column":55},"end":{"line":108,"column":113}},"54":{"start":{"line":109,"column":4},"end":{"line":109,"column":130}},"55":{"start":{"line":109,"column":26},"end":{"line":109,"column":128}},"56":{"start":{"line":109,"column":57},"end":{"line":109,"column":127}},"57":{"start":{"line":110,"column":4},"end":{"line":110,"column":107}},"58":{"start":{"line":110,"column":26},"end":{"line":110,"column":105}},"59":{"start":{"line":110,"column":57},"end":{"line":110,"column":104}},"60":{"start":{"line":111,"column":4},"end":{"line":111,"column":122}},"61":{"start":{"line":111,"column":24},"end":{"line":111,"column":120}},"62":{"start":{"line":111,"column":55},"end":{"line":111,"column":119}},"63":{"start":{"line":112,"column":4},"end":{"line":112,"column":75}},"64":{"start":{"line":112,"column":31},"end":{"line":112,"column":73}},"65":{"start":{"line":113,"column":4},"end":{"line":113,"column":76}},"66":{"start":{"line":113,"column":31},"end":{"line":113,"column":74}},"67":{"start":{"line":114,"column":4},"end":{"line":114,"column":67}},"68":{"start":{"line":114,"column":32},"end":{"line":114,"column":65}},"69":{"start":{"line":115,"column":4},"end":{"line":115,"column":68}},"70":{"start":{"line":115,"column":32},"end":{"line":115,"column":66}},"71":{"start":{"line":116,"column":4},"end":{"line":116,"column":123}},"72":{"start":{"line":116,"column":26},"end":{"line":116,"column":121}},"73":{"start":{"line":116,"column":57},"end":{"line":116,"column":120}},"74":{"start":{"line":117,"column":4},"end":{"line":117,"column":69}},"75":{"start":{"line":117,"column":32},"end":{"line":117,"column":67}},"76":{"start":{"line":118,"column":4},"end":{"line":118,"column":66}},"77":{"start":{"line":118,"column":32},"end":{"line":118,"column":64}},"78":{"start":{"line":119,"column":4},"end":{"line":119,"column":67}},"79":{"start":{"line":119,"column":33},"end":{"line":119,"column":65}},"80":{"start":{"line":120,"column":4},"end":{"line":120,"column":67}},"81":{"start":{"line":120,"column":33},"end":{"line":120,"column":65}},"82":{"start":{"line":121,"column":4},"end":{"line":121,"column":96}},"83":{"start":{"line":121,"column":25},"end":{"line":121,"column":94}},"84":{"start":{"line":121,"column":56},"end":{"line":121,"column":93}}},"branchMap":{"1":{"line":1,"type":"binary-expr","locations":[{"start":{"line":1,"column":11},"end":{"line":1,"column":18}},{"start":{"line":1,"column":22},"end":{"line":1,"column":44}}]},"2":{"line":97,"type":"binary-expr","locations":[{"start":{"line":97,"column":89},"end":{"line":97,"column":106}},{"start":{"line":97,"column":110},"end":{"line":97,"column":114}},{"start":{"line":97,"column":118},"end":{"line":97,"column":123}}]},"3":{"line":107,"type":"binary-expr","locations":[{"start":{"line":107,"column":81},"end":{"line":107,"column":91}},{"start":{"line":107,"column":95},"end":{"line":107,"column":99}},{"start":{"line":107,"column":103},"end":{"line":107,"column":108}}]},"4":{"line":108,"type":"binary-expr","locations":[{"start":{"line":108,"column":83},"end":{"line":108,"column":95}},{"start":{"line":108,"column":99},"end":{"line":108,"column":103}},{"start":{"line":108,"column":107},"end":{"line":108,"column":112}}]},"5":{"line":109,"type":"binary-expr","locations":[{"start":{"line":109,"column":87},"end":{"line":109,"column":98}},{"start":{"line":109,"column":102},"end":{"line":109,"column":106}},{"start":{"line":109,"column":110},"end":{"line":109,"column":126}}]},"6":{"line":111,"type":"binary-expr","locations":[{"start":{"line":111,"column":83},"end":{"line":111,"column":99}},{"start":{"line":111,"column":103},"end":{"line":111,"column":118}}]},"7":{"line":116,"type":"binary-expr","locations":[{"start":{"line":116,"column":87},"end":{"line":116,"column":103}},{"start":{"line":116,"column":107},"end":{"line":116,"column":119}}]}}},"/home/ubuntu/workspace/index.js":{"path":"/home/ubuntu/workspace/index.js","s":{"1":1,"2":1,"3":1,"4":259,"5":259,"6":32,"7":27,"8":31,"9":14,"10":14,"11":14,"12":14,"13":14,"14":6,"15":6,"16":32,"17":14,"18":46,"19":28,"20":14,"21":4,"22":14,"23":0,"24":4,"25":18,"26":1,"27":1},"b":{"1":[32,4],"2":[14,13],"3":[4,4],"4":[18,17,16],"5":[1,1],"6":[1,0]},"f":{"1":0,"2":0},"fnMap":{"1":{"name":"(anonymous_1)","line":15,"loc":{"start":{"line":15,"column":41},"end":{"line":15,"column":53}}},"2":{"name":"(anonymous_2)","line":16,"loc":{"start":{"line":16,"column":40},"end":{"line":16,"column":52}}}},"statementMap":{"1":{"start":{"line":1,"column":0},"end":{"line":34,"column":5}},"2":{"start":{"line":2,"column":4},"end":{"line":2,"column":17}},"3":{"start":{"line":3,"column":4},"end":{"line":30,"column":7}},"4":{"start":{"line":4,"column":8},"end":{"line":8,"column":9}},"5":{"start":{"line":5,"column":12},"end":{"line":5,"column":33}},"6":{"start":{"line":7,"column":12},"end":{"line":7,"column":21}},"7":{"start":{"line":10,"column":24},"end":{"line":10,"column":39}},"8":{"start":{"line":11,"column":24},"end":{"line":11,"column":32}},"9":{"start":{"line":12,"column":26},"end":{"line":12,"column":43}},"10":{"start":{"line":13,"column":26},"end":{"line":13,"column":45}},"11":{"start":{"line":14,"column":27},"end":{"line":14,"column":45}},"12":{"start":{"line":15,"column":28},"end":{"line":15,"column":56}},"13":{"start":{"line":16,"column":27},"end":{"line":16,"column":57}},"14":{"start":{"line":17,"column":23},"end":{"line":17,"column":44}},"15":{"start":{"line":17,"column":30},"end":{"line":17,"column":44}},"16":{"start":{"line":18,"column":22},"end":{"line":18,"column":46}},"17":{"start":{"line":19,"column":23},"end":{"line":19,"column":37}},"18":{"start":{"line":20,"column":25},"end":{"line":20,"column":41}},"19":{"start":{"line":21,"column":25},"end":{"line":21,"column":41}},"20":{"start":{"line":22,"column":23},"end":{"line":22,"column":50}},"21":{"start":{"line":23,"column":23},"end":{"line":23,"column":59}},"22":{"start":{"line":24,"column":25},"end":{"line":24,"column":41}},"23":{"start":{"line":25,"column":25},"end":{"line":25,"column":41}},"24":{"start":{"line":26,"column":24},"end":{"line":26,"column":51}},"25":{"start":{"line":27,"column":24},"end":{"line":27,"column":65}},"26":{"start":{"line":32,"column":4},"end":{"line":32,"column":39}},"27":{"start":{"line":33,"column":4},"end":{"line":33,"column":34}}},"branchMap":{"1":{"line":18,"type":"binary-expr","locations":[{"start":{"line":18,"column":22},"end":{"line":18,"column":34}},{"start":{"line":18,"column":38},"end":{"line":18,"column":46}}]},"2":{"line":22,"type":"binary-expr","locations":[{"start":{"line":22,"column":23},"end":{"line":22,"column":35}},{"start":{"line":22,"column":39},"end":{"line":22,"column":50}}]},"3":{"line":23,"type":"binary-expr","locations":[{"start":{"line":23,"column":23},"end":{"line":23,"column":34}},{"start":{"line":23,"column":38},"end":{"line":23,"column":59}}]},"4":{"line":27,"type":"binary-expr","locations":[{"start":{"line":27,"column":24},"end":{"line":27,"column":34}},{"start":{"line":27,"column":38},"end":{"line":27,"column":50}},{"start":{"line":27,"column":54},"end":{"line":27,"column":65}}]},"5":{"line":32,"type":"binary-expr","locations":[{"start":{"line":32,"column":4},"end":{"line":32,"column":13}},{"start":{"line":32,"column":18},"end":{"line":32,"column":37}}]},"6":{"line":33,"type":"binary-expr","locations":[{"start":{"line":33,"column":4},"end":{"line":33,"column":13}},{"start":{"line":33,"column":18},"end":{"line":33,"column":32}}]}}}}