TN:
SF:/home/ubuntu/workspace/spec/index.spec.js
FN:3,(anonymous_1)
FN:9,(anonymous_2)
FN:10,(anonymous_3)
FN:11,(anonymous_4)
FN:25,(anonymous_5)
FN:26,(anonymous_6)
FN:41,(anonymous_7)
FN:42,(anonymous_8)
FN:43,(anonymous_9)
FN:59,(anonymous_10)
FN:60,(anonymous_11)
FN:71,tSuper
FN:72,tFunc
FN:80,(anonymous_14)
FN:83,ttFunc
FN:90,(anonymous_16)
FN:99,(anonymous_17)
FN:100,(anonymous_18)
FNF:18
FNH:3
FNDA:1,(anonymous_1)
FNDA:0,(anonymous_2)
FNDA:0,(anonymous_3)
FNDA:0,(anonymous_4)
FNDA:0,(anonymous_5)
FNDA:0,(anonymous_6)
FNDA:0,(anonymous_7)
FNDA:0,(anonymous_8)
FNDA:0,(anonymous_9)
FNDA:0,(anonymous_10)
FNDA:0,(anonymous_11)
FNDA:0,tSuper
FNDA:2,tFunc
FNDA:0,(anonymous_14)
FNDA:2,ttFunc
FNDA:0,(anonymous_16)
FNDA:0,(anonymous_17)
FNDA:0,(anonymous_18)
DA:1,1
DA:3,1
DA:4,1
DA:19,1
DA:34,1
DA:51,1
DA:71,1
DA:72,1
DA:74,1
DA:83,1
DA:84,1
DA:93,12
DA:94,14
DA:95,14
DA:96,14
DA:97,14
DA:98,14
DA:99,14
DA:100,14
DA:101,1
DA:102,1
DA:103,1
DA:104,1
DA:105,1
DA:106,1
DA:107,14
DA:108,14
DA:109,14
DA:110,14
DA:111,14
DA:112,1
DA:113,1
DA:114,1
DA:115,1
DA:116,14
DA:117,1
DA:118,1
DA:119,1
DA:120,1
DA:121,14
LF:40
LH:40
BRDA:1,1,0,1
BRDA:1,1,1,1
BRDA:97,2,0,14
BRDA:97,2,1,13
BRDA:97,2,2,1
BRDA:107,3,0,14
BRDA:107,3,1,1
BRDA:107,3,2,13
BRDA:108,4,0,14
BRDA:108,4,1,1
BRDA:108,4,2,13
BRDA:109,5,0,14
BRDA:109,5,1,1
BRDA:109,5,2,13
BRDA:111,6,0,14
BRDA:111,6,1,13
BRDA:116,7,0,14
BRDA:116,7,1,13
BRF:18
BRH:18
end_of_record
TN:
SF:/home/ubuntu/workspace/index.js
FN:15,(anonymous_1)
FN:16,(anonymous_2)
FNF:2
FNH:0
FNDA:0,(anonymous_1)
FNDA:0,(anonymous_2)
DA:1,1
DA:2,1
DA:3,1
DA:4,259
DA:5,259
DA:7,32
DA:10,27
DA:11,31
DA:12,14
DA:13,14
DA:14,14
DA:15,14
DA:16,14
DA:17,6
DA:18,32
DA:19,14
DA:20,46
DA:21,28
DA:22,14
DA:23,4
DA:24,14
DA:25,0
DA:26,4
DA:27,18
DA:32,1
DA:33,1
LF:26
LH:25
BRDA:18,1,0,32
BRDA:18,1,1,4
BRDA:22,2,0,14
BRDA:22,2,1,13
BRDA:23,3,0,4
BRDA:23,3,1,4
BRDA:27,4,0,18
BRDA:27,4,1,17
BRDA:27,4,2,16
BRDA:32,5,0,1
BRDA:32,5,1,1
BRDA:33,6,0,1
BRDA:33,6,1,0
BRF:13
BRH:12
end_of_record
